<?xml version="1.0" encoding="UTF-8"?>
<testng-results skipped="0" failed="0" ignored="0" total="1" passed="1">
  <reporter-output>
    <line>
      <![CDATA[Element is present]]>
    </line>
    <line>
      <![CDATA[Title displayed isLogin on Twitter]]>
    </line>
  </reporter-output>
  <suite name="Default suite" duration-ms="12873" started-at="2018-05-25T13:50:00Z" finished-at="2018-05-25T13:50:13Z">
    <groups>
    </groups>
    <test name="Default test" duration-ms="12873" started-at="2018-05-25T13:50:00Z" finished-at="2018-05-25T13:50:13Z">
      <class name="test.Test1">
        <test-method status="PASS" signature="launchBrowser()[pri:0, instance:test.Test1@1060b431]" name="launchBrowser" is-config="true" duration-ms="4406" started-at="2018-05-25T13:50:00Z" finished-at="2018-05-25T13:50:05Z">
          <reporter-output>
          </reporter-output>
        </test-method> <!-- launchBrowser -->
        <test-method status="PASS" signature="testtwitterHome()[pri:0, instance:test.Test1@1060b431]" name="testtwitterHome" duration-ms="7376" started-at="2018-05-25T13:50:05Z" finished-at="2018-05-25T13:50:12Z">
          <reporter-output>
            <line>
              <![CDATA[Element is present]]>
            </line>
            <line>
              <![CDATA[Title displayed isLogin on Twitter]]>
            </line>
          </reporter-output>
        </test-method> <!-- testtwitterHome -->
        <test-method status="PASS" signature="closeBrowser()[pri:0, instance:test.Test1@1060b431]" name="closeBrowser" is-config="true" duration-ms="1058" started-at="2018-05-25T13:50:12Z" finished-at="2018-05-25T13:50:13Z">
          <reporter-output>
          </reporter-output>
        </test-method> <!-- closeBrowser -->
      </class> <!-- test.Test1 -->
    </test> <!-- Default test -->
  </suite> <!-- Default suite -->
</testng-results>
